<?xml version="1.0" encoding="UTF-8"?>
<!-- Generated by org.testng.reporters.JUnitXMLReporter -->
<testsuite hostname="NDP-LP-21-011" ignored="0" name="Test" tests="5" failures="0" timestamp="07 Nov 2021 03:13:40 GMT" time="21.711" errors="0">
  <testcase name="fakerTest" time="0.309" classname="qaautomation.october2021.APITest"/>
  <testcase name="invalidCredTest" time="1.435" classname="qaautomation.october2021.APITest"/>
  <testcase name="testConfig" time="1.431" classname="qaautomation.october2021.APITest"/>
  <testcase name="testDashboard" time="2.522" classname="qaautomation.october2021.APITest"/>
  <testcase name="testUser" time="1.79" classname="qaautomation.october2021.APITest"/>
</testsuite> <!-- Test -->
