<?xml version="1.0" encoding="UTF-8"?>
<testng-results skipped="0" failed="0" ignored="0" total="1" passed="1">
  <reporter-output>
  </reporter-output>
  <suite name="Default suite" duration-ms="291" started-at="2021-11-20T23:03:51Z" finished-at="2021-11-20T23:03:51Z">
    <groups>
    </groups>
    <test name="Default test" duration-ms="291" started-at="2021-11-20T23:03:51Z" finished-at="2021-11-20T23:03:51Z">
      <class name="qaautomation.october2021.Tugas5APITest">
        <test-method status="PASS" signature="fakerTest()[pri:0, instance:qaautomation.october2021.Tugas5APITest@38c5cc4c]" name="fakerTest" duration-ms="190" started-at="2021-11-20T23:03:51Z" finished-at="2021-11-20T23:03:51Z">
          <reporter-output>
          </reporter-output>
        </test-method> <!-- fakerTest -->
      </class> <!-- qaautomation.october2021.Tugas5APITest -->
    </test> <!-- Default test -->
  </suite> <!-- Default suite -->
</testng-results>
